<?xml version="1.0" encoding="UTF-8"?>
<beans xmlns="http://www.springframework.org/schema/beans"
       xmlns:xsi="http://www.w3.org/2001/XMLSchema-instance"
       xmlns:context="http://www.springframework.org/schema/context"
       xsi:schemaLocation="http://www.springframework.org/schema/beans http://www.springframework.org/schema/beans/spring-beans-2.0.xsd http://www.springframework.org/schema/context http://www.springframework.org/schema/context/spring-context.xsd">

    <context:annotation-config/>

    <bean id="dataSource" class="org.apache.derby.jdbc.EmbeddedDataSource">
        <property name="databaseName" value="testDB"/>
        <property name="createDatabase" value="create"/>
    </bean>

    <bean id="sessionFactory" class="org.springframework.orm.hibernate3.annotation.AnnotationSessionFactoryBean">
        <property name="dataSource"><ref local="dataSource"/></property>
        <property name="hibernateProperties">
            <props>
                <prop key="hibernate.hbm2ddl.auto">update</prop>
                <prop key="hibernate.dialect">ru.silvestrov.timetracker.data.GeneratedByDefaultDerbyDialect</prop>
                <prop key="hibernate.cache.provider_class">org.hibernate.cache.HashtableCacheProvider</prop>
                <prop key="hibernate.cache.use_query_cache">true</prop>
                <prop key="hibernate.cache.use_second_level_cache">true</prop>
                <prop key="hibernate.generate_statistics">true</prop>
            </props>
        </property>
        <property name="annotatedClasses">
            <list>
                <value>ru.silvestrov.timetracker.data.Activity</value>
                <value>ru.silvestrov.timetracker.data.TimeEntry</value>
            </list>
        </property>
    </bean>

    <bean id="testDataSetup" class="ru.silvestrov.timetracker.data.DataSetup">
        <property name="dataSource" ref="dataSource"/>
    </bean>

    <bean class="org.springframework.jdbc.core.JdbcTemplate">
        <property name="dataSource" ref="dataSource"/>
    </bean>
</beans>